artifacts/islamic-app/android/app/build/outputs/mapping/release/seeds.txt
com.sj64noorquran.R$color
com.sj64noorquran.NativeTTSPlugin$attachProgressListener$1
com.sj64noorquran.R
com.sj64noorquran.MainActivity$1
com.sj64noorquran.MainApplication
com.sj64noorquran.R$style
com.sj64noorquran.NativeTTSPlugin
com.sj64noorquran.MainActivity
com.sj64noorquran.R$xml
com.sj64noorquran.CrashHandler
com.sj64noorquran.R$mipmap
com.sj64noorquran.CrashActivity
com.sj64noorquran.R$drawable
com.sj64noorquran.R$string
com.sj64noorquran.MainApplication: java.lang.String NOTIF_CHANNEL_ID
com.sj64noorquran.R$color: int splash_background
com.sj64noorquran.NativeTTSPlugin: boolean isReady
com.sj64noorquran.R$mipmap: int ic_launcher
com.sj64noorquran.NativeTTSPlugin: android.speech.tts.TextToSpeech tts
com.sj64noorquran.R$drawable: int splash
com.sj64noorquran.R$string: int custom_url_scheme
com.sj64noorquran.MainActivity$1: com.sj64noorquran.MainActivity this$0
com.sj64noorquran.R$string: int title_activity_main
com.sj64noorquran.R$style: int AppTheme_NoActionBar
com.sj64noorquran.R$mipmap: int ic_launcher_foreground
com.sj64noorquran.R$string: int app_name
com.sj64noorquran.R$xml: int config
com.sj64noorquran.R$color: int ic_launcher_background
com.sj64noorquran.CrashHandler: java.lang.Thread$UncaughtExceptionHandler previous
com.sj64noorquran.R$color: int colorPrimary
com.sj64noorquran.MainApplication: java.lang.String NOTIF_CHANNEL_NAME
com.sj64noorquran.NativeTTSPlugin$attachProgressListener$1: com.sj64noorquran.NativeTTSPlugin this$0
com.sj64noorquran.NativeTTSPlugin: java.util.concurrent.ConcurrentHashMap pending
com.sj64noorquran.R$style: int AppTheme
com.sj64noorquran.R$style: int AppTheme_Launcher
com.sj64noorquran.CrashHandler: android.content.Context ctx
com.sj64noorquran.R$color: int colorAccent
com.sj64noorquran.R$mipmap: int ic_launcher_round
com.sj64noorquran.R$color: int colorPrimaryDark
com.sj64noorquran.R$string: int package_name
com.sj64noorquran.R$xml: int network_security_config
com.sj64noorquran.R$drawable: int ic_stat_noor
com.sj64noorquran.NativeTTSPlugin: void stop(com.getcapacitor.PluginCall)
com.sj64noorquran.NativeTTSPlugin$attachProgressListener$1: void onError(java.lang.String)
com.sj64noorquran.R$xml: R$xml()
com.sj64noorquran.NativeTTSPlugin$attachProgressListener$1: void onDone(java.lang.String)
com.sj64noorquran.CrashActivity: void lambda$onCreate$0(java.lang.String,android.view.View)
com.sj64noorquran.MainActivity: void saveCrashAndShow(java.lang.Throwable,java.lang.String)
com.sj64noorquran.MainApplication: MainApplication()
com.sj64noorquran.CrashHandler: CrashHandler(android.content.Context,java.lang.Thread$UncaughtExceptionHandler)
com.sj64noorquran.NativeTTSPlugin$attachProgressListener$1: void onError(java.lang.String,int)
com.sj64noorquran.MainApplication: void onCreate()
com.sj64noorquran.R$string: R$string()
com.sj64noorquran.MainActivity$1: MainActivity$1(com.sj64noorquran.MainActivity,boolean)
com.sj64noorquran.CrashHandler: void uncaughtException(java.lang.Thread,java.lang.Throwable)
com.sj64noorquran.MainActivity: com.getcapacitor.Bridge access$100(com.sj64noorquran.MainActivity)
com.sj64noorquran.NativeTTSPlugin: void speak(com.getcapacitor.PluginCall)
com.sj64noorquran.R: R()
com.sj64noorquran.CrashHandler: java.lang.String buildReport(java.lang.Throwable)
com.sj64noorquran.MainApplication: void createNotificationChannel()
com.sj64noorquran.NativeTTSPlugin: NativeTTSPlugin()
com.sj64noorquran.R$color: R$color()
com.sj64noorquran.R$style: R$style()
com.sj64noorquran.MainActivity$1: void handleOnBackPressed()
com.sj64noorquran.NativeTTSPlugin: void attachProgressListener()
com.sj64noorquran.CrashActivity: CrashActivity()
com.sj64noorquran.NativeTTSPlugin$attachProgressListener$1: NativeTTSPlugin$attachProgressListener$1(com.sj64noorquran.NativeTTSPlugin)
com.sj64noorquran.R$drawable: R$drawable()
com.sj64noorquran.MainActivity: void onCreate(android.os.Bundle)
com.sj64noorquran.MainActivity: com.getcapacitor.Bridge access$000(com.sj64noorquran.MainActivity)
...
kotlin.text.DelimitedRangesSequence$iterator$1: void calcNext()
kotlin.collections.ArraysKt___ArraysKt: java.util.Map associateBy(float[],kotlin.jvm.functions.Function1)
androidx.appcompat.view.menu.StandardMenuPopup: void setForceShowIcon(boolean)
kotlinx.coroutines.CoroutineDispatcher: kotlin.coroutines.CoroutineContext minusKey(kotlin.coroutines.CoroutineContext$Key)
kotlin.text.StringsKt__StringsKt: java.util.List lines(java.lang.CharSequence)
androidx.constraintlayout.solver.state.Dimension: void apply(androidx.constraintlayout.solver.state.State,androidx.constraintlayout.solver.widgets.ConstraintWidget,int)
androidx.core.app.NotificationManagerCompat$Api26Impl: void createNotificationChannelGroups(android.app.NotificationManager,java.util.List)
androidx.fragment.app.FragmentStore: void dump(java.lang.String,java.io.FileDescriptor,java.io.PrintWriter,java.lang.String[])
kotlin.UByte: boolean equals-impl0(byte,byte)
androidx.core.location.LocationCompat$Api34Impl: double getMslAltitudeMeters(android.location.Location)
com.capacitorjs.plugins.splashscreen.SplashScreen$3: void onAnimationEnd(android.animation.Animator)
androidx.collection.IntLongMap: IntLongMap(kotlin.jvm.internal.DefaultConstructorMarker)
androidx.recyclerview.widget.RecyclerView: androidx.recyclerview.widget.RecyclerView$LayoutManager getLayoutManager()
androidx.recyclerview.widget.GridLayoutManager: void calculateItemBorders(int)
androidx.fragment.app.strictmode.Violation: androidx.fragment.app.Fragment getFragment()
androidx.recyclerview.widget.ViewBoundsCheck: ViewBoundsCheck(androidx.recyclerview.widget.ViewBoundsCheck$Callback)
kotlin.collections.ArraysKt___ArraysKt: float component3(float[])
kotlin.collections.ArraysKt___ArraysKt: java.lang.Float minOfOrNull(double[],kotlin.jvm.functions.Function1)
androidx.lifecycle.WithLifecycleStateKt$suspendWithStateAtLeastUnchecked$2$observer$1: WithLifecycleStateKt$suspendWithStateAtLeastUnchecked$2$observer$1(androidx.lifecycle.Lifecycle$State,androidx.lifecycle.Lifecycle,kotlinx.coroutines.CancellableContinuation,kotlin.jvm.functions.Function0)
androidx.core.internal.view.SupportMenu: void setGroupDividerEnabled(boolean)
androidx.appcompat.widget.AppCompatTextHelper: void setCompoundDrawableTintMode(android.graphics.PorterDuff$Mode)
kotlin.collections.ArraysKt___ArraysKt: java.lang.Object reduceOrNull(java.lang.Object[],kotlin.jvm.functions.Function2)
androidx.webkit.SpeculativeLoadingConfig: SpeculativeLoadingConfig(int,int,int)
kotlin.collections.unsigned.UArraysKt___UArraysKt: java.lang.Object maxOfWith-l8EHGbQ(short[],java.util.Comparator,kotlin.jvm.functions.Function1)
androidx.appcompat.widget.TintTypedArray: boolean getValue(int,android.util.TypedValue)
kotlin.collections.CollectionsKt__ReversedViewsKt: CollectionsKt__ReversedViewsKt()
androidx.webkit.SpeculativeLoadingParameters: SpeculativeLoadingParameters(java.util.Map,androidx.webkit.NoVarySearchHeader,boolean)
androidx.constraintlayout.solver.state.helpers.BarrierReference: void apply()
androidx.core.view.accessibility.AccessibilityNodeInfoCompat: void setRangeInfo(androidx.core.view.accessibility.AccessibilityNodeInfoCompat$RangeInfoCompat)
androidx.core.graphics.RectKt: android.graphics.RectF and(android.graphics.RectF,android.graphics.RectF)
androidx.core.os.PersistableBundleKt: android.os.PersistableBundle toPersistableBundle(java.util.Map)
androidx.recyclerview.widget.GridLayoutManager: int computeVerticalScrollRange(androidx.recyclerview.widget.RecyclerView$State)
androidx.dynamicanimation.animation.AnimationHandler: androidx.dynamicanimation.animation.AnimationHandler$AnimationFrameCallbackProvider getProvider()
kotlin.collections.ArraysKt___ArraysKt: java.lang.Object getOrNull(java.lang.Object[],int)
kotlin.sequences.SequencesKt___SequencesKt: java.lang.Comparable minOfOrNull(kotlin.sequences.Sequence,kotlin.jvm.functions.Function1)
androidx.core.app.NotificationCompat$WearableExtender: int getCustomContentHeight()