artifacts/islamic-app/android/app/build/outputs/mapping/release/mapping.txt
# compiler: R8
# compiler_version: 8.9.32
# min_api: 24
# common_typos_disable
# {"id":"com.android.tools.r8.mapping","version":"2.2"}
# pg_map_id: ac5ae4a
# pg_map_hash: SHA-256 ac5ae4a929a1ba27dd0217aa565e17fb0e03959ee5d8366153cbab5744a5d5d1
com.sj64noorquran.CrashActivity -> com.sj64noorquran.CrashActivity:
# {"id":"sourceFile","fileName":"CrashActivity.java"}
    1:4:void <init>():27:27 -> <init>
    1:1:void $r8$lambda$a6KR51NE6qVRXqOa7jpeszWqBOA(com.sj64noorquran.CrashActivity,java.lang.String,android.view.View):0:0 -> a
      # {"id":"com.android.tools.r8.synthesized"}
    1:10:void lambda$onCreate$0(java.lang.String,android.view.View):72:72 -> lambda$onCreate$0
    11:19:void lambda$onCreate$0(java.lang.String,android.view.View):74:74 -> lambda$onCreate$0
    20:30:void lambda$onCreate$0(java.lang.String,android.view.View):75:75 -> lambda$onCreate$0
    1:3:void onCreate(android.os.Bundle):31:31 -> onCreate
    4:13:void onCreate(android.os.Bundle):34:34 -> onCreate
    14:26:void onCreate(android.os.Bundle):35:35 -> onCreate
    27:32:void onCreate(android.os.Bundle):36:36 -> onCreate
    33:36:void onCreate(android.os.Bundle):37:37 -> onCreate
    37:40:void onCreate(android.os.Bundle):40:40 -> onCreate
    41:51:void onCreate(android.os.Bundle):41:41 -> onCreate
    52:57:void onCreate(android.os.Bundle):46:46 -> onCreate
    58:63:void onCreate(android.os.Bundle):47:47 -> onCreate
    64:70:void onCreate(android.os.Bundle):48:48 -> onCreate
    71:73:void onCreate(android.os.Bundle):49:49 -> onCreate
    74:78:void onCreate(android.os.Bundle):52:52 -> onCreate
    79:86:void onCreate(android.os.Bundle):53:53 -> onCreate
    87:91:void onCreate(android.os.Bundle):54:54 -> onCreate
com.sj64noorquran.CrashActivity$$ExternalSyntheticLambda0 -> com.sj64noorquran.a:
# {"id":"sourceFile","fileName":"R8$$SyntheticClass"}
# {"id":"com.android.tools.r8.synthesized"}
    com.sj64noorquran.CrashActivity com.sj64noorquran.CrashActivity$$InternalSyntheticLambda$1$017cf9cdc86d4075769ed92dfa7cc7c919952dc47542daa2864674ccdab6b4f0$0.f$0 -> a
      # {"id":"com.android.tools.r8.synthesized"}
    java.lang.String com.sj64noorquran.CrashActivity$$InternalSyntheticLambda$1$017cf9cdc86d4075769ed92dfa7cc7c919952dc47542daa2864674ccdab6b4f0$0.f$1 -> b
      # {"id":"com.android.tools.r8.synthesized"}
    1:1:void <init>(com.sj64noorquran.CrashActivity,java.lang.String):0:0 -> <init>
      # {"id":"com.android.tools.r8.synthesized"}
    1:1:void onClick(android.view.View):0:0 -> onClick
      # {"id":"com.android.tools.r8.synthesized"}
com.sj64noorquran.CrashHandler -> com.sj64noorquran.CrashHandler:
# {"id":"sourceFile","fileName":"CrashHandler.java"}
    1:3:void <init>(android.content.Context,java.lang.Thread$UncaughtExceptionHandler):30:30 -> <init>
    4:9:void <init>(android.content.Context,java.lang.Thread$UncaughtExceptionHandler):31:31 -> <init>
    10:12:void <init>(android.content.Context,java.lang.Thread$UncaughtExceptionHandler):32:32 -> <init>
    1:7:java.lang.String buildReport(java.lang.Throwable):65:65 -> buildReport
    8:15:java.lang.String buildReport(java.lang.Throwable):66:66 -> buildReport
    16:36:java.lang.String buildReport(java.lang.Throwable):68:68 -> buildReport
    37:111:java.lang.String buildReport(java.lang.Throwable):69:69 -> buildReport
    112:127:java.lang.String buildReport(java.lang.Throwable):75:75 -> buildReport
    128:139:java.lang.String buildReport(java.lang.Throwable):76:76 -> buildReport
    140:151:java.lang.String buildReport(java.lang.Throwable):78:78 -> buildReport
    1:4:void uncaughtException(java.lang.Thread,java.lang.Throwable):38:38 -> uncaughtException
    5:9:void uncaughtException(java.lang.Thread,java.lang.Throwable):41:41 -> uncaughtException
    10:13:void uncaughtException(java.lang.Thread,java.lang.Throwable):42:42 -> uncaughtException
    14:26:void uncaughtException(java.lang.Thread,java.lang.Throwable):43:43 -> uncaughtException
    27:35:void uncaughtException(java.lang.Thread,java.lang.Throwable):46:46 -> uncaughtException
...
androidx.emoji2.text.EmojiCompatInitializer$LoadEmojiCompatRunnable -> androidx.emoji2.text.EmojiCompatInitializer$LoadEmojiCompatRunnable:
# {"id":"sourceFile","fileName":"EmojiCompatInitializer.java"}
    1:4:void <init>():131:131 -> <init>
    1:5:void run():137:137 -> run
    6:11:void run():138:138 -> run
    12:21:void run():139:139 -> run
    22:28:void run():142:142 -> run
    29:29:void run():143:143 -> run
androidx.emoji2.text.EmojiDefaults -> androidx.emoji2.text.EmojiDefaults:
# {"id":"sourceFile","fileName":"EmojiDefaults.java"}
    1:4:void <init>():29:29 -> <init>
androidx.emoji2.text.EmojiExclusions -> androidx.emoji2.text.EmojiExclusions:
# {"id":"sourceFile","fileName":"EmojiExclusions.java"}
    1:4:void <init>():31:31 -> <init>
    1:6:java.util.Set getEmojiExclusions():35:35 -> getEmojiExclusions
    7:11:java.util.Set getEmojiExclusions():36:36 -> getEmojiExclusions
    12:16:java.util.Set getEmojiExclusions():38:38 -> getEmojiExclusions
androidx.emoji2.text.EmojiExclusions$EmojiExclusions_Api34 -> androidx.emoji2.text.EmojiExclusions$EmojiExclusions_Api34:
# {"id":"sourceFile","fileName":"EmojiExclusions.java"}
    1:4:void <init>():44:44 -> <init>
    1:5:java.util.Set getExclusions():50:50 -> getExclusions
androidx.emoji2.text.EmojiExclusions$EmojiExclusions_Reflections -> androidx.emoji2.text.EmojiExclusions$EmojiExclusions_Reflections:
# {"id":"sourceFile","fileName":"EmojiExclusions.java"}
    1:4:void <init>():55:55 -> <init>
    1:6:java.util.Set getExclusions():68:68 -> getExclusions
    7:15:java.util.Set getExclusions():69:69 -> getExclusions
    16:24:java.util.Set getExclusions():70:70 -> getExclusions
    25:27:java.util.Set getExclusions():72:72 -> getExclusions
    28:29:java.util.Set getExclusions():75:75 -> getExclusions
    30:43:java.util.Set getExclusions():76:76 -> getExclusions
    44:47:java.util.Set getExclusions():77:77 -> getExclusions
    48:50:java.util.Set getExclusions():78:78 -> getExclusions
    51:53:java.util.Set getExclusions():83:83 -> getExclusions
androidx.emoji2.text.EmojiProcessor -> androidx.emoji2.text.EmojiProcessor:
# {"id":"sourceFile","fileName":"EmojiProcessor.java"}
    1:3:void <init>(androidx.emoji2.text.MetadataRepo,androidx.emoji2.text.EmojiCompat$SpanFactory,androidx.emoji2.text.EmojiCompat$GlyphChecker,boolean,int[],java.util.Set):134:134 -> <init>
    4:5:void <init>(androidx.emoji2.text.MetadataRepo,androidx.emoji2.text.EmojiCompat$SpanFactory,androidx.emoji2.text.EmojiCompat$GlyphChecker,boolean,int[],java.util.Set):135:135 -> <init>
    6:7:void <init>(androidx.emoji2.text.MetadataRepo,androidx.emoji2.text.EmojiCompat$SpanFactory,androidx.emoji2.text.EmojiCompat$GlyphChecker,boolean,int[],java.util.Set):136:136 -> <init>
    8:9:void <init>(androidx.emoji2.text.MetadataRepo,androidx.emoji2.text.EmojiCompat$SpanFactory,androidx.emoji2.text.EmojiCompat$GlyphChecker,boolean,int[],java.util.Set):137:137 -> <init>
    10:11:void <init>(androidx.emoji2.text.MetadataRepo,androidx.emoji2.text.EmojiCompat$SpanFactory,androidx.emoji2.text.EmojiCompat$GlyphChecker,boolean,int[],java.util.Set):138:138 -> <init>
    12:13:void <init>(androidx.emoji2.text.MetadataRepo,androidx.emoji2.text.EmojiCompat$SpanFactory,androidx.emoji2.text.EmojiCompat$GlyphChecker,boolean,int[],java.util.Set):139:139 -> <init>
    14:17:void <init>(androidx.emoji2.text.MetadataRepo,androidx.emoji2.text.EmojiCompat$SpanFactory,androidx.emoji2.text.EmojiCompat$GlyphChecker,boolean,int[],java.util.Set):140:140 -> <init>