artifacts/islamic-app/android/app/build/outputs/mapping/release/usage.txt
com.google.android.material.resources.TypefaceUtils:
    private void <init>()
com.google.android.material.ripple.RippleDrawableCompat:
    public com.google.android.material.shape.ShapeAppearanceModel getShapeAppearanceModel()
com.google.android.material.ripple.RippleUtils$RippleUtilsLollipop:
    private void <init>()
com.google.android.material.ripple.RippleUtils:
    static final java.lang.String TRANSPARENT_DEFAULT_COLOR_WARNING
    private void <init>()
    public static android.content.res.ColorStateList convertToRippleDrawableColor(android.content.res.ColorStateList)
    private static int doubleAlpha(int)
    private static int getColorForState(android.content.res.ColorStateList,int[])
com.google.android.material.search.SearchBar$1
com.google.android.material.search.SearchBar$OnLoadAnimationCallback
com.google.android.material.search.SearchBar$SavedState$1
com.google.android.material.search.SearchBar$SavedState
com.google.android.material.search.SearchBar:
    private static final int DEFAULT_SCROLL_FLAGS
    private static final int DEF_STYLE_RES
    private static final java.lang.String NAMESPACE_APP
    private final android.view.accessibility.AccessibilityManager accessibilityManager
    private com.google.android.material.shape.MaterialShapeDrawable backgroundShape
    private android.view.View centerView
    private final boolean defaultMarginsEnabled
    private final android.graphics.drawable.Drawable defaultNavigationIcon
    private boolean defaultScrollFlagsEnabled
    private final boolean forceDefaultNavigationOnClickListener
    private final boolean layoutInflated
    private int menuResId
    private java.lang.Integer navigationIconTint
    private android.graphics.drawable.Drawable originalNavigationIconBackground
    private final com.google.android.material.search.SearchBarAnimationHelper searchBarAnimationHelper
    private final android.widget.TextView textView
    private final boolean tintNavigationIcon
    private final androidx.core.view.accessibility.AccessibilityManagerCompat$TouchExplorationStateChangeListener touchExplorationStateChangeListener
    static void <clinit>()
    public void <init>(android.content.Context)
    public void <init>(android.content.Context,android.util.AttributeSet)
    public void <init>(android.content.Context,android.util.AttributeSet,int)
com.google.android.material.search.SearchBarAnimationHelper$1
com.google.android.material.search.SearchBarAnimationHelper$2
com.google.android.material.search.SearchBarAnimationHelper$3
com.google.android.material.search.SearchBarAnimationHelper$4
com.google.android.material.search.SearchBarAnimationHelper$5
com.google.android.material.search.SearchBarAnimationHelper$6
com.google.android.material.search.SearchBarAnimationHelper$OnLoadAnimationInvocation
com.google.android.material.search.SearchBarAnimationHelper
com.google.android.material.search.SearchView$1
com.google.android.material.search.SearchView$SavedState$1
com.google.android.material.search.SearchView$SavedState
com.google.android.material.search.SearchView$TransitionListener
com.google.android.material.search.SearchView$TransitionState